This is pdfeTeX, Version 3.141592-1.21a-2.2 (Web2C 7.5.4) (format=pdflatex 2010.8.3)  1 SEP 2010 10:52
entering extended mode
**\input AIS_MarLik.tex
(./AIS_MarLik.tex (./imsart.cls
Document Class: imsart 2010/04/27 driver class for package imsart.sty
(/usr/share/texmf/tex/latex/base/article.cls
Document Class: article 2004/02/16 v1.4f Standard LaTeX document class
(/usr/share/texmf/tex/latex/base/leqno.clo
File: leqno.clo 1998/08/17 v1.1c Standard LaTeX option (left equation numbers)
)
(/usr/share/texmf/tex/latex/base/size11.clo
File: size11.clo 2004/02/16 v1.4f Standard LaTeX file (size option)
)
\c@part=\count79
\c@section=\count80
\c@subsection=\count81
\c@subsubsection=\count82
\c@paragraph=\count83
\c@subparagraph=\count84
\c@figure=\count85
\c@table=\count86
\abovecaptionskip=\skip41
\belowcaptionskip=\skip42
\bibindent=\dimen102
) (./imsart.sty
File: imsart.sty 2010/04/27IMS article style (VS)

No file imsart.cnf.
(/usr/share/texmf/tex/latex/base/leqno.clo
File: leqno.clo 1998/08/17 v1.1c Standard LaTeX option (left equation numbers)
)
\c@firstpage=\count87
\c@lastpage=\count88
\c@thanks=\count89
\c@addressref=\count90

(/usr/share/texmf/tex/latex/graphics/keyval.sty
Package: keyval 1999/03/16 v1.13 key=value parser (DPC)
\KV@toks@=\toks14
)
\c@emailref=\count91
\c@author=\count92
\c@address=\count93
\sv@mathsurround=\dimen103
\sv@parindent=\dimen104
\fm@box=\box26
\fm@size=\dimen105
\t@xtheight=\dimen106
\abstract@box=\box27
\keyword@box=\box28
\pre@kwd@depth=\dimen107
\keyword@toks=\toks15
\authors@list=\toks16
\keywords@list=\toks17

No file imsart-aoas.cnf.
)) (/usr/share/texmf/tex/latex/xcolor/xcolor.sty
Package: xcolor 2004/07/04 v2.00 LaTeX color extensions (UK)

(/usr/share/texmf/tex/latex/graphics/color.cfg
File: color.cfg 2005/02/03 v1.3 color configuration of teTeX/TeXLive
)
Package xcolor Info: Driver file: pdftex.def on input line 136.

(/usr/share/texmf/tex/latex/graphics/pdftex.def
File: pdftex.def 2002/06/19 v0.03k graphics/color for pdftex
\Gread@gobject=\count94
)
Package xcolor Info: Color model `cmy' added on input line 972.
Package xcolor Info: Color model `hsb' added on input line 980.
Package xcolor Info: Color model `HTML' added on input line 1000.
Package xcolor Info: Color model `HSB' added on input line 1006.
Package xcolor Info: Color model `Gray' added on input line 1012.

(/usr/share/texmf/tex/latex/graphics/dvipsnam.def
File: dvipsnam.def 1999/02/16 v3.0i Driver-dependant file (DPC,SPQR)
))
(/usr/share/texmf/tex/latex/psnfss/charter.sty
Package: charter 2004/09/15 PSNFSS-v9.2 (P.Dyballa) 
)
(/usr/share/texmf/tex/latex/base/latexsym.sty
Package: latexsym 1998/08/17 v2.2e Standard LaTeX package (lasy symbols)
\symlasy=\mathgroup4
LaTeX Font Info:    Overwriting symbol font `lasy' in version `bold'
(Font)                  U/lasy/m/n --> U/lasy/b/n on input line 47.
)
(/usr/share/texmf/tex/latex/amsfonts/amssymb.sty
Package: amssymb 2002/01/22 v2.2d

(/usr/share/texmf/tex/latex/amsfonts/amsfonts.sty
Package: amsfonts 2001/10/25 v2.2f
\@emptytoks=\toks18
\symAMSa=\mathgroup5
\symAMSb=\mathgroup6
LaTeX Font Info:    Overwriting math alphabet `\mathfrak' in version `bold'
(Font)                  U/euf/m/n --> U/euf/b/n on input line 132.
))
(/usr/share/texmf/tex/latex/amsmath/amsmath.sty
Package: amsmath 2000/07/18 v2.13 AMS math features
\@mathmargin=\skip43

For additional information on amsmath, use the `?' option.
(/usr/share/texmf/tex/latex/amsmath/amstext.sty
Package: amstext 2000/06/29 v2.01

(/usr/share/texmf/tex/latex/amsmath/amsgen.sty
File: amsgen.sty 1999/11/30 v2.0
\@emptytoks=\toks19
\ex@=\dimen108
))
(/usr/share/texmf/tex/latex/amsmath/amsbsy.sty
Package: amsbsy 1999/11/29 v1.2d
\pmbraise@=\dimen109
)
(/usr/share/texmf/tex/latex/amsmath/amsopn.sty
Package: amsopn 1999/12/14 v2.01 operator names
)
\inf@bad=\count95
LaTeX Info: Redefining \frac on input line 211.
\uproot@=\count96
\leftroot@=\count97
LaTeX Info: Redefining \overline on input line 307.
\classnum@=\count98
\DOTSCASE@=\count99
LaTeX Info: Redefining \ldots on input line 379.
LaTeX Info: Redefining \dots on input line 382.
LaTeX Info: Redefining \cdots on input line 467.
\Mathstrutbox@=\box29
\strutbox@=\box30
\big@size=\dimen110
LaTeX Font Info:    Redeclaring font encoding OML on input line 567.
LaTeX Font Info:    Redeclaring font encoding OMS on input line 568.
\macc@depth=\count100
\c@MaxMatrixCols=\count101
\dotsspace@=\muskip10
\c@parentequation=\count102
\dspbrk@lvl=\count103
\tag@help=\toks20
\row@=\count104
\column@=\count105
\maxfields@=\count106
\andhelp@=\toks21
\eqnshift@=\dimen111
\alignsep@=\dimen112
\tagshift@=\dimen113
\tagwidth@=\dimen114
\totwidth@=\dimen115
\lineht@=\dimen116
\@envbody=\toks22
\multlinegap=\skip44
\multlinetaggap=\skip45
\mathdisplay@stack=\toks23
LaTeX Info: Redefining \[ on input line 2666.
LaTeX Info: Redefining \] on input line 2667.
)
(/proj/texmf/tex/latex/bioinfo/graphicx.sty
Package: graphicx 1999/02/16 v1.0f Enhanced LaTeX Graphics (DPC,SPQR)

(/usr/share/texmf/tex/latex/graphics/graphics.sty
Package: graphics 2001/07/07 v1.0n Standard LaTeX Graphics (DPC,SPQR)

(/usr/share/texmf/tex/latex/graphics/trig.sty
Package: trig 1999/03/16 v1.09 sin cos tan (DPC)
)
(/usr/share/texmf/tex/latex/graphics/graphics.cfg
File: graphics.cfg 2005/02/03 v1.3 graphics configuration of teTeX/TeXLive
)
Package graphics Info: Driver file: pdftex.def on input line 80.
)
\Gin@req@height=\dimen117
\Gin@req@width=\dimen118
)
(/proj/texmf/tex/latex/natbib/natbib.sty
Package: natbib 2007/10/30 8.1 (PWD)
\bibhang=\skip46
\bibsep=\skip47
LaTeX Info: Redefining \cite on input line 602.
\c@NAT@ctr=\count107

Local config file natbib.cfg used
(/proj/texmf/tex/latex/natbib/natbib.cfg))
(/usr/share/texmf/tex/latex/hyperref/hyperref.sty
Package: hyperref 2003/11/30 v6.74m Hypertext links for LaTeX
\@linkdim=\dimen119
\Hy@linkcounter=\count108
\Hy@pagecounter=\count109

(/usr/share/texmf/tex/latex/hyperref/pd1enc.def
File: pd1enc.def 2003/11/30 v6.74m Hyperref: PDFDocEncoding definition (HO)
)
(/usr/share/texmf/tex/latex/hyperref/hyperref.cfg
File: hyperref.cfg 2002/06/06 v1.2 hyperref configuration of TeXLive and teTeX
)
Package hyperref Info: Option `colorlinks' set `true' on input line 1830.
Package hyperref Info: Option `linktocpage' set `true' on input line 1830.
Package hyperref Info: Option `colorlinks' set `true' on input line 1830.
Package hyperref Info: Hyper figures OFF on input line 1880.
Package hyperref Info: Link nesting OFF on input line 1885.
Package hyperref Info: Hyper index ON on input line 1888.
Package hyperref Info: Plain pages ON on input line 1893.
Package hyperref Info: Backreferencing OFF on input line 1900.

Implicit mode ON; LaTeX internals redefined
Package hyperref Info: Bookmarks ON on input line 2004.
(/proj/texmf/tex/latex/bioinfo/url.sty
Package: url 1999/03/02  ver 1.4  Verb mode for urls, email addresses, and file
 names
)
LaTeX Info: Redefining \url on input line 2143.
\Fld@menulength=\count110
\Field@Width=\dimen120
\Fld@charsize=\dimen121
\Choice@toks=\toks24
\Field@toks=\toks25
Package hyperref Info: Hyper figures OFF on input line 2618.
Package hyperref Info: Link nesting OFF on input line 2623.
Package hyperref Info: Hyper index ON on input line 2626.
Package hyperref Info: backreferencing OFF on input line 2633.
Package hyperref Info: Link coloring ON on input line 2636.
\c@Item=\count111
\c@Hfootnote=\count112
)
*hyperref using default driver hpdftex*
(/usr/share/texmf/tex/latex/hyperref/hpdftex.def
File: hpdftex.def 2003/11/30 v6.74m Hyperref driver for pdfTeX

(/usr/share/texmf/tex/latex/psnfss/pifont.sty
Package: pifont 2004/09/15 PSNFSS-v9.2 Pi font support (SPQR) 
LaTeX Font Info:    Try loading font information for U+pzd on input line 63.

(/usr/share/texmf/tex/latex/psnfss/upzd.fd
File: upzd.fd 2001/06/04 font definitions for U/pzd.
)
LaTeX Font Info:    Try loading font information for U+psy on input line 64.

(/usr/share/texmf/tex/latex/psnfss/upsy.fd
File: upsy.fd 2001/06/04 font definitions for U/psy.
))
\Fld@listcount=\count113
\@outlinefile=\write3
) (./AIS_MarLik.aux

LaTeX Warning: Label `m1thanks' multiply defined.


LaTeX Warning: Label `m2thanks' multiply defined.

)
\openout1 = `AIS_MarLik.aux'.

LaTeX Font Info:    Checking defaults for OML/cmm/m/it on input line 29.
LaTeX Font Info:    ... okay on input line 29.
LaTeX Font Info:    Checking defaults for T1/cmr/m/n on input line 29.
LaTeX Font Info:    ... okay on input line 29.
LaTeX Font Info:    Checking defaults for OT1/cmr/m/n on input line 29.
LaTeX Font Info:    ... okay on input line 29.
LaTeX Font Info:    Checking defaults for OMS/cmsy/m/n on input line 29.
LaTeX Font Info:    ... okay on input line 29.
LaTeX Font Info:    Checking defaults for OMX/cmex/m/n on input line 29.
LaTeX Font Info:    ... okay on input line 29.
LaTeX Font Info:    Checking defaults for U/cmr/m/n on input line 29.
LaTeX Font Info:    ... okay on input line 29.
LaTeX Font Info:    Checking defaults for PD1/pdf/m/n on input line 29.
LaTeX Font Info:    ... okay on input line 29.
LaTeX Font Info:    Try loading font information for OT1+bch on input line 29.
 (/usr/share/texmf/tex/latex/psnfss/ot1bch.fd
File: ot1bch.fd 2004/10/18 font definitions for OT1/bch.
)
(/usr/share/texmf/tex/context/base/supp-pdf.tex
(/usr/share/texmf/tex/context/base/supp-mis.tex
loading : Context Support Macros / Miscellaneous (2004.10.26)
\protectiondepth=\count114
\scratchcounter=\count115
\scratchtoks=\toks26
\scratchdimen=\dimen122
\scratchskip=\skip48
\scratchmuskip=\muskip11
\scratchbox=\box31
\scratchread=\read1
\scratchwrite=\write4
\zeropoint=\dimen123
\onepoint=\dimen124
\onebasepoint=\dimen125
\minusone=\count116
\thousandpoint=\dimen126
\onerealpoint=\dimen127
\emptytoks=\toks27
\nextbox=\box32
\nextdepth=\dimen128
\everyline=\toks28
\!!counta=\count117
\!!countb=\count118
\recursecounter=\count119
)
loading : Context Support Macros / PDF (2004.03.26)
\nofMPsegments=\count120
\nofMParguments=\count121
\MPscratchCnt=\count122
\MPscratchDim=\dimen129
\MPnumerator=\count123
\everyMPtoPDFconversion=\toks29
)
Package hyperref Info: Link coloring ON on input line 29.
 (/usr/share/texmf/tex/latex/hyperref/nameref.sty
Package: nameref 2003/12/03 v2.21 Cross-referencing by name of section
\c@section@level=\count124
)
LaTeX Info: Redefining \ref on input line 29.
LaTeX Info: Redefining \pageref on input line 29.
 (./AIS_MarLik.out)
(./AIS_MarLik.out)
\openout3 = `AIS_MarLik.out'.

LaTeX Font Info:    External font `cmex10' loaded for size
(Font)              <10.95> on input line 34.
LaTeX Font Info:    External font `cmex10' loaded for size
(Font)              <8> on input line 34.
LaTeX Font Info:    External font `cmex10' loaded for size
(Font)              <6> on input line 34.
LaTeX Font Info:    Try loading font information for U+lasy on input line 34.
 (/usr/share/texmf/tex/latex/base/ulasy.fd
File: ulasy.fd 1998/08/17 v2.2e LaTeX symbol font definitions
)
LaTeX Font Info:    Font shape `U/lasy/b/n' in size <8> not available
(Font)              Font shape `U/lasy/m/n' tried instead on input line 34.
LaTeX Font Info:    Font shape `U/lasy/b/n' in size <6> not available
(Font)              Font shape `U/lasy/m/n' tried instead on input line 34.
LaTeX Font Info:    External font `cmex10' loaded for size
(Font)              <5> on input line 34.
LaTeX Font Info:    Font shape `U/lasy/b/n' in size <5> not available
(Font)              Font shape `U/lasy/m/n' tried instead on input line 34.
\@address@1=\toks30
\@address@2=\toks31
\@address@3=\toks32
LaTeX Font Info:    External font `cmex10' loaded for size
(Font)              <9> on input line 82.

Overfull \hbox (5.94238pt too wide) in paragraph at lines 74--99
 \OT1/bch/m/n/9 we pro-pose an adap-tive an-nealed im-por-tance sam-pling al-go
-rithm (AAIS) 
 []

[1{/usr/share/texmf-var/fonts/map/pdftex/updmap/pdftex.map}

]

Package natbib Warning: Citation `Clyd:Geor:2004' on page 2 undefined on input 
line 145.


Package natbib Warning: Citation `Clyd:etal:2005' on page 2 undefined on input 
line 145.

[2] [3]
Overfull \hbox (32.21132pt too wide) in paragraph at lines 223--228
\OT1/bch/m/n/10.95 fam-ily of curves pa-ram-e-ter-ized by the 5 di-men-sional v
ec-tor $\OML/cmm/m/it/10.95 ^^^[] \OMS/cmsy/m/n/10.95 ^^Q \OT1/cmr/m/n/10.95 (\
OML/cmm/m/it/10.95 K[]; P[]; e[]; ![]; ^^V[]\OT1/cmr/m/n/10.95 )$ 
 []


Overfull \hbox (31.76224pt too wide) in paragraph at lines 254--258
[]\OT1/bch/m/n/10.95 If there are $\OML/cmm/m/it/10.95 p \OMS/cmsy/m/n/10.95 ^^
U \OT1/cmr/m/n/10.95 1$ \OT1/bch/m/n/10.95 plan-ets, the ex-pected ve-loc-ity i
s given by $\OML/cmm/m/it/10.95 C[] \OT1/cmr/m/n/10.95 + \OMS/cmsy/m/n/10.95 4\
OML/cmm/m/it/10.95 V\OT1/cmr/m/n/10.95 (\OML/cmm/m/it/10.95 t[]\OMS/cmsy/m/n/10
.95 j\OML/cmm/m/it/10.95 ^^^[]; [] ; ^^^[]\OT1/cmr/m/n/10.95 )$
 []


Overfull \hbox (30.95209pt too wide) in paragraph at lines 261--268
\OT1/bch/m/n/10.95 gi-ble. With $\OML/cmm/m/it/10.95 p$ \OT1/bch/m/n/10.95 plan
-ets, there are a to-tal of $\OT1/cmr/m/n/10.95 2 + 5\OML/cmm/m/it/10.95 p$ \OT
1/bch/m/n/10.95 pa-ram-e-ters, $\OML/cmm/m/it/10.95 ^^R[] \OT1/cmr/m/n/10.95 = 
\OMS/cmsy/m/n/10.95 f[]\OML/cmm/m/it/10.95 ; s[]; ^^^[]; [] ; ^^^[]\OMS/cmsy/m/
n/10.95 g$
 []

[4]
Overfull \hbox (20.82855pt too wide) in paragraph at lines 324--324
\OT1/bch/m/n/10.95 and $[]\OT1/cmr/m/n/10.95 (\OML/cmm/m/it/10.95 s[] \OT1/cmr/
m/n/10.95 + \OML/cmm/m/it/10.95 s[]\OT1/cmr/m/n/10.95 )$ \OT1/bch/m/n/10.95 has
 a uni-form dis-tri-bu-tion on the in-ter-val $\OT1/cmr/m/n/10.95 ([](\OML/cmm/
m/it/10.95 s[]\OT1/cmr/m/n/10.95 )\OML/cmm/m/it/10.95 ; []\OT1/cmr/m/n/10.95 (\
OML/cmm/m/it/10.95 s[]\OT1/cmr/m/n/10.95 )]$\OT1/bch/m/n/10.95 , 
 []


Overfull \hbox (20.82855pt too wide) in paragraph at lines 324--324
\OT1/bch/m/n/10.95 and $[]\OT1/cmr/m/n/10.95 (\OML/cmm/m/it/10.95 s[] \OT1/cmr/
m/n/10.95 + \OML/cmm/m/it/10.95 s[]\OT1/cmr/m/n/10.95 )$ \OT1/bch/m/n/10.95 has
 a uni-form dis-tri-bu-tion on the in-ter-val $\OT1/cmr/m/n/10.95 ([](\OML/cmm/
m/it/10.95 s[]\OT1/cmr/m/n/10.95 )\OML/cmm/m/it/10.95 ; []\OT1/cmr/m/n/10.95 (\
OML/cmm/m/it/10.95 s[]\OT1/cmr/m/n/10.95 )]$\OT1/bch/m/n/10.95 , 
 []

[5]

LaTeX Warning: `h' float specifier changed to `ht'.


Package natbib Warning: Citation `Gewe:1989' on page 6 undefined on input line 
402.


Overfull \hbox (2.45683pt too wide) in paragraph at lines 399--407
 \OT1/bch/b/n/10.95 3.Importance Sam-pling for Marginal Like-li-hood Es-ti-ma-t
ion.[][] \OT1/bch/m/n/10.95 Be-yond
 []

[6]
Overfull \hbox (4.8285pt too wide) in paragraph at lines 422--426
\OT1/bch/m/n/10.95 where $\OML/cmm/m/it/10.95 w[]$ \OT1/bch/m/n/10.95 are known
 as the IS weights. The dis-tri-bu-tion of the er-ror $\OMS/cmsy/m/n/10.95 j[]\
OT1/cmr/m/n/10.95 (\OMS/cmsy/m/n/10.95 M\OT1/cmr/m/n/10.95 ) \OMS/cmsy/m/n/10.9
5 ^^@
 []


Overfull \hbox (80.5755pt too wide) detected at line 433
[]\OML/cmm/m/it/10.95 ^^[[] \OT1/cmr/m/n/10.95 = [][] [] = [][] [][] \OML/cmm/m
/it/10.95 q\OT1/cmr/m/n/10.95 (\OML/cmm/m/it/10.95 ^^R\OT1/cmr/m/n/10.95 )\OML/
cmm/m/it/10.95 d^^R \OT1/cmr/m/n/10.95 = [][]\U/msb/m/n/10.95 E[] [] \OML/cmm/m
/it/10.95 :
 []

[7]
Overfull \hbox (17.80089pt too wide) in paragraph at lines 479--485
[]\OT1/bch/m/n/10.95 Let $\OML/cmm/m/it/10.95 ^^Y\OT1/cmr/m/n/10.95 (\OML/cmm/m
/it/10.95 ^^R\OT1/cmr/m/n/10.95 )$ \OT1/bch/m/n/10.95 de-note the pos-te-rior d
is-tri-bu-tion, which is pro-por-tional to $\OML/cmm/m/it/10.95 L\OT1/cmr/m/n/1
0.95 (\OML/cmm/m/it/10.95 y\OMS/cmsy/m/n/10.95 j\OML/cmm/m/it/10.95 ^^R\OT1/cmr
/m/n/10.95 )\OML/cmm/m/it/10.95 p\OT1/cmr/m/n/10.95 (\OML/cmm/m/it/10.95 ^^R\OT
1/cmr/m/n/10.95 )$\OT1/bch/m/n/10.95 .
 []


Overfull \hbox (13.29126pt too wide) detected at line 494
[]\OML/cmm/m/it/10.95 ^^Y[]\OT1/cmr/m/n/10.95 (\OML/cmm/m/it/10.95 ^^R\OT1/cmr/
m/n/10.95 ) \OMS/cmsy/m/n/10.95 / \OML/cmm/m/it/10.95 q[]\OT1/cmr/m/n/10.95 (\O
ML/cmm/m/it/10.95 ^^R\OT1/cmr/m/n/10.95 )[]\OML/cmm/m/it/10.95 ^^Y\OT1/cmr/m/n/
10.95 (\OML/cmm/m/it/10.95 ^^R\OT1/cmr/m/n/10.95 )[]\OML/cmm/m/it/10.95 ;   t \
OT1/cmr/m/n/10.95 = 1\OML/cmm/m/it/10.95 ; [] ; T;  [] \OT1/cmr/m/n/10.95 0 \OM
L/cmm/m/it/10.95 < ^^U[] < ^^U[] < [] < ^^U[] \OT1/cmr/m/n/10.95 = 1\OML/cmm/m/
it/10.95 :
 []

LaTeX Font Info:    Try loading font information for OMS+bch on input line 501.

(/usr/share/texmf/tex/latex/psnfss/omsbch.fd
File: omsbch.fd 
)
LaTeX Font Info:    Font shape `OMS/bch/m/n' in size <10.95> not available
(Font)              Font shape `OMS/cmsy/m/n' tried instead on input line 501.
 [8] [9] [10] [11] [12] [13]
Overfull \hbox (31.93779pt too wide) in paragraph at lines 779--790
\OT1/bch/m/n/10.95 Substituting $\OMS/cmsy/m/n/10.95 f\OML/cmm/m/it/10.95 ^^R[]
; w[]\OMS/cmsy/m/n/10.95 g[]$ \OT1/bch/m/n/10.95 and the lo-cal mix-ture pa-ram
-e-ters, $\OML/cmm/m/it/10.95 []; []; ^^V[]; \OT1/cmr/m/n/10.95 ^^F[]\OML/cmm
/m/it/10.95 ; ^^V[]; \OT1/cmr/m/n/10.95 ^^F[]$
 []


Overfull \hbox (2.59906pt too wide) in paragraph at lines 805--811
 \OT1/bch/m/n/10.95 4.3.3.\OT1/bch/m/it/10.95 Component-Deletion.[][] \OT1/bch/
m/n/10.95 As men-tioned above, when sim-u-lat-ing draws
 []


Overfull \hbox (4.52481pt too wide) in paragraph at lines 813--828
\OT1/bch/m/n/10.95 don't need to worry about that, be-cause on one side the pro
-posed component-
 []

[14] [15] [16] <Fig/flared_helix_target.png, id=406, 421.575pt x 316.18124pt>
File: Fig/flared_helix_target.png Graphic file (type png)

<use Fig/flared_helix_target.png> [17]
<Fig/flared_helix_scatter.png, id=443, 421.575pt x 316.18124pt>
File: Fig/flared_helix_scatter.png Graphic file (type png)

<use Fig/flared_helix_scatter.png>
<Fig/AIS_3d_felix_scatter.png, id=444, 420.06938pt x 316.18124pt>
File: Fig/AIS_3d_felix_scatter.png Graphic file (type png)

<use Fig/AIS_3d_felix_scatter.png>
Overfull \hbox (12.0pt too wide) in paragraph at lines 999--1006
 [][] 
 []

[18 <./Fig/flared_helix_target.png>]
Overfull \hbox (24.72449pt too wide) in paragraph at lines 1045--1056
\OT1/bch/m/n/10.95 mal dis-tri-bu-tion, $\OML/cmm/m/it/10.95 sk\OMS/cmsy/m/n/10
.95 N\OT1/cmr/m/n/10.95 (\OMS/cmsy/m/n/10.95 ^^Aj\OML/cmm/m/it/10.95 ^^V; ^^[; 
\OT1/cmr/m/n/10.95 )$ \OT1/bch/m/n/10.95 de-notes the skew-normal dis-tri-bu-t
ion, $\OMS/cmsy/m/n/10.95 S\OT1/cmr/m/n/10.95 (\OMS/cmsy/m/n/10.95 ^^Aj\OML/cmm
/m/it/10.95 ^^V; s; df\OT1/cmr/m/n/10.95 )$
 []


Overfull \hbox (11.10573pt too wide) in paragraph at lines 1045--1056
\OT1/bch/m/n/10.95 laps a sec-ond sharper mode, and di-men-sion 7 has three dis
-tinct, well-separated
 []

[19 <./Fig/flared_helix_scatter.png> <./Fig/AIS_3d_felix_scatter.png>]
<Fig/seven_outer_product_scatter.png, id=475, 421.575pt x 316.18124pt>
File: Fig/seven_outer_product_scatter.png Graphic file (type png)

<use Fig/seven_outer_product_scatter.png>
<Fig/AIS_7d_outter_scatter.png, id=476, 421.575pt x 316.18124pt>
File: Fig/AIS_7d_outter_scatter.png Graphic file (type png)

<use Fig/AIS_7d_outter_scatter.png>
Overfull \hbox (12.0pt too wide) in paragraph at lines 1079--1086
 [][] 
 []

[20] <Fig/scatter_1p_data1.png, id=497, 509.65407pt x 344.78813pt>
File: Fig/scatter_1p_data1.png Graphic file (type png)

<use Fig/scatter_1p_data1.png> [21 <./Fig/seven_outer_product_scatter.png> <./F
ig/AIS_7d_outter_scatter.png>]
<Fig/scatter_1p_data2.png, id=519, 509.65407pt x 344.78813pt>
File: Fig/scatter_1p_data2.png Graphic file (type png)

<use Fig/scatter_1p_data2.png> [22 <./Fig/scatter_1p_data1.png>]
<Fig/scatter1_2p_data2.png, id=538, 509.65407pt x 344.78813pt>
File: Fig/scatter1_2p_data2.png Graphic file (type png)

<use Fig/scatter1_2p_data2.png>
<Fig/scatter2_2p_data2.png, id=539, 509.65407pt x 344.78813pt>
File: Fig/scatter2_2p_data2.png Graphic file (type png)

<use Fig/scatter2_2p_data2.png>
Overfull \hbox (12.0pt too wide) in paragraph at lines 1216--1222
 [][] 
 []

<Fig/rv_comparison_data2.png, id=540, 421.575pt x 316.18124pt>
File: Fig/rv_comparison_data2.png Graphic file (type png)

<use Fig/rv_comparison_data2.png> [23 <./Fig/scatter_1p_data2.png>]
Overfull \hbox (5.38719pt too wide) in paragraph at lines 1279--1286
[]\OT1/bch/m/n/10.95 We an-a-lyze the as-so-ci-ated RV data set us-ing our AAIS
 method, the marginal
 []

<Fig/hd37124_1p_fit.png, id=558, 633.11531pt x 438.8897pt>
File: Fig/hd37124_1p_fit.png Graphic file (type png)

<use Fig/hd37124_1p_fit.png>
<Fig/hd37124_2p_fit.png, id=559, 664.73344pt x 431.36156pt>
File: Fig/hd37124_2p_fit.png Graphic file (type png)

<use Fig/hd37124_2p_fit.png>
<Fig/hd37124_3p_fit.png, id=560, 597.73312pt x 380.92313pt>
File: Fig/hd37124_3p_fit.png Graphic file (type png)

<use Fig/hd37124_3p_fit.png>
Overfull \hbox (12.0pt too wide) in paragraph at lines 1319--1327
 [][] 
 []

[24 <./Fig/scatter1_2p_data2.png> <./Fig/scatter2_2p_data2.png>]
Overfull \hbox (5.38719pt too wide) in paragraph at lines 1335--1347
[]\OT1/bch/m/n/10.95 We an-a-lyze the as-so-ci-ated RV data set us-ing our AAIS
 method, the marginal
 []

<Fig/uma47_1p_fit.png, id=581, 439.6425pt x 303.38344pt>
File: Fig/uma47_1p_fit.png Graphic file (type png)

<use Fig/uma47_1p_fit.png> <Fig/uma47_2p_fit.png, id=582, 385.44pt x 289.08pt>
File: Fig/uma47_2p_fit.png Graphic file (type png)

<use Fig/uma47_2p_fit.png>
Overfull \hbox (12.0pt too wide) in paragraph at lines 1377--1384
 [][] 
 []

[25 <./Fig/rv_comparison_data2.png>] [26]

LaTeX Warning: Text page 27 contains only floats.

[27 <./Fig/hd37124_1p_fit.png> <./Fig/hd37124_2p_fit.png> <./Fig/hd37124_3p_fit
.png>] (./AIS_MarLik.bbl [28 <./Fig/uma47_1p_fit.png> <./Fig/uma47_2p_fit.png>]
Missing character: There is no ¡ in font bchrc7t!
Missing character: There is no ¯ in font bchrc7t!
) [29]

Package natbib Warning: There were undefined citations.

[30] (./AIS_MarLik.aux)

LaTeX Warning: There were multiply-defined labels.

 ) 
Here is how much of TeX's memory you used:
 5247 strings out of 94500
 67075 string characters out of 1176767
 132354 words of memory out of 1000000
 8133 multiletter control sequences out of 10000+50000
 41864 words of font info for 93 fonts, out of 500000 for 2000
 580 hyphenation exceptions out of 1000
 35i,19n,38p,447b,360s stack positions out of 1500i,500n,5000p,200000b,5000s
PDF statistics:
 638 PDF objects out of 300000
 166 named destinations out of 131072
 300 words of extra memory for PDF output out of 65536
</usr/share/texmf/fonts/type1/bluesky/cm/cmss9.pfb></usr/share/texmf/fonts/ty
pe1/bluesky/cm/cmss8.pfb></usr/share/texmf/fonts/type1/bluesky/cm/cmsy9.pfb></u
sr/share/texmf/fonts/type1/bluesky/cm/cmr9.pfb></usr/share/texmf/fonts/type1/bl
uesky/cm/cmr6.pfb></usr/share/texmf/fonts/type1/bluesky/cm/cmss10.pfb></usr/sha
re/texmf/fonts/type1/bluesky/cm/cmbx10.pfb></usr/share/texmf/fonts/type1/bluesk
y/cm/cmmi6.pfb></usr/share/texmf/fonts/type1/bluesky/cm/cmex10.pfb></usr/share/
texmf/fonts/type1/bluesky/symbols/msbm10.pfb></usr/share/texmf/fonts/type1/blue
sky/cm/cmr10.pfb></usr/share/texmf/fonts/type1/bluesky/cm/cmmi10.pfb></usr/shar
e/texmf/fonts/type1/bluesky/cm/cmmi8.pfb></usr/share/texmf/fonts/type1/bluesky/
cm/cmr8.pfb></usr/share/texmf/fonts/type1/bluesky/cm/cmsy10.pfb></usr/share/tex
mf/fonts/type1/bluesky/cm/cmtt9.pfb></usr/share/texmf/fonts/type1/bluesky/cm/cm
sy6.pfb></usr/share/texmf/fonts/type1/bluesky/cm/cmtt10.pfb></usr/share/texmf/f
onts/type1/bluesky/cm/cmmi9.pfb></usr/share/texmf/fonts/type1/bluesky/cm/cmsy8.
pfb>{/usr/share/texmf/fonts/enc/dvips/psnfss/8r.enc}</usr/share/texmf/fonts/typ
e1/bitstrea/charter/bchr8a.pfb></usr/share/texmf/fonts/type1/bluesky/cmextra/cm
bsy7.pfb></usr/share/texmf/fonts/type1/bitstrea/charter/bchb8a.pfb></usr/share/
texmf/fonts/type1/bitstrea/charter/bchri8a.pfb>
Output written on AIS_MarLik.pdf (30 pages, 475220 bytes).
